<?xml version="1.0" encoding="UTF-8"?>
<testng-results ignored="0" total="1" passed="1" failed="0" skipped="0">
  <reporter-output>
  </reporter-output>
  <suite started-at="2025-11-11T10:48:53 IST" name="Default suite" finished-at="2025-11-11T10:48:53 IST" duration-ms="131">
    <groups>
    </groups>
    <test started-at="2025-11-11T10:48:53 IST" name="Default test" finished-at="2025-11-11T10:48:53 IST" duration-ms="131">
      <class name="Project.Dz.main">
        <test-method signature="firstTest()[pri:0, instance:Project.Dz.main@52e6fdee]" started-at="2025-11-11T10:48:53 IST" name="firstTest" finished-at="2025-11-11T10:48:53 IST" duration-ms="31" status="PASS">
          <reporter-output>
          </reporter-output>
        </test-method> <!-- firstTest -->
      </class> <!-- Project.Dz.main -->
    </test> <!-- Default test -->
  </suite> <!-- Default suite -->
</testng-results>
